<?xml version="1.0" encoding="UTF-8"?>
<!-- Generated by org.testng.reporters.JUnitReportReporter -->
<testsuite hostname="Apples-MBP.fritz.box" failures="0" tests="1" name="com.hudl.qa.test.NegativeLoginTest" time="46.741" errors="0" timestamp="02 Jan 2021 14:58:22 GMT" skipped="0">
  <testcase classname="com.hudl.qa.test.NegativeLoginTest" name="validate_login" time="46.741"/>
</testsuite> <!-- com.hudl.qa.test.NegativeLoginTest -->
