<?xml version="1.0" encoding="UTF-8"?>
<!-- Generated by org.testng.reporters.JUnitReportReporter -->
<testsuite hostname="Apples-MBP.fritz.box" failures="0" tests="6" name="com.hudl.qa.test.LoginPageTest" time="15.801" errors="0" timestamp="03 Jan 2021 18:32:18 GMT" skipped="0">
  <testcase classname="com.hudl.qa.test.LoginPageTest" name="validate_signup_IsDisplay" time="0.089"/>
  <testcase classname="com.hudl.qa.test.LoginPageTest" name="validate_HudlLogo_isDisplayOnlogin" time="0.061"/>
  <testcase classname="com.hudl.qa.test.LoginPageTest" name="validate_logwithOrg_isDisplay" time="0.036"/>
  <testcase classname="com.hudl.qa.test.LoginPageTest" name="validate_rememberMeLink_isDisplay" time="0.060"/>
  <testcase classname="com.hudl.qa.test.LoginPageTest" name="validate_forgetPassword_IsDisplay" time="0.071"/>
  <testcase classname="com.hudl.qa.test.LoginPageTest" name="validate_login" time="15.484"/>
</testsuite> <!-- com.hudl.qa.test.LoginPageTest -->
