<?xml version="1.0" encoding="UTF-8"?>
<!-- Generated by org.testng.reporters.JUnitReportReporter -->
<testsuite hostname="Apples-MBP.fritz.box" failures="0" tests="5" name="com.hudl.qa.test.HomepageTest" time="10.368" errors="0" timestamp="03 Jan 2021 19:43:51 GMT" skipped="0">
  <testcase classname="com.hudl.qa.test.HomepageTest" name="validate_homeIcon_isDisplay" time="10.106"/>
  <testcase classname="com.hudl.qa.test.HomepageTest" name="validate_profile_isDisplay" time="0.080"/>
  <testcase classname="com.hudl.qa.test.HomepageTest" name="validate_videoLink_isDisplay" time="0.051"/>
  <testcase classname="com.hudl.qa.test.HomepageTest" name="validate_HighligthtLink_isDisplay" time="0.081"/>
  <testcase classname="com.hudl.qa.test.HomepageTest" name="validate_reportLink_isDisplay" time="0.050"/>
</testsuite> <!-- com.hudl.qa.test.HomepageTest -->
